[0mGET / [36m304[0m 36.605 ms - -[0m
[0mGET /favicon.ico [33m404[0m 10.072 ms - 150[0m
[0mGET / [36m304[0m 86.429 ms - -[0m
[0mGET / [36m304[0m 56.005 ms - -[0m
[0mGET /users/sign-in [36m304[0m 17.989 ms - -[0m
[0mPOST /users/create-session [36m302[0m 19.419 ms - 72[0m
[0mGET /users/sign-in [32m200[0m 3.747 ms - 2426[0m
[0mPOST /users/create-session [36m302[0m 14.695 ms - 72[0m
[0mGET /users/sign-in [36m304[0m 12.359 ms - -[0m
[0mPOST /users/create-session [36m302[0m 15.043 ms - 72[0m
[0mGET /users/sign-in [36m304[0m 11.167 ms - -[0m
[0mPOST /users/create-session [36m302[0m 13.737 ms - 72[0m
[0mGET /users/sign-in [36m304[0m 11.969 ms - -[0m
[0mGET /users/sign-up [32m200[0m 15.691 ms - 2296[0m
[0mPOST /users/create [36m302[0m 55.774 ms - 72[0m
[0mGET /users/sign-in [32m200[0m 6.458 ms - 2194[0m
[0mPOST /users/create-session [36m302[0m 30.442 ms - 46[0m
[0mGET / [32m200[0m 35.841 ms - 4213[0m
[0mGET /users/sign-out [36m302[0m 20.062 ms - 46[0m
[0mGET / [32m200[0m 24.762 ms - 3367[0m
[0mGET / [31m500[0m 12.332 ms - 2928[0m
[0mGET / [31m500[0m 10.346 ms - 2928[0m
[0mGET / [31m500[0m 18.572 ms - 2928[0m
[0mGET / [31m500[0m 12.222 ms - 2928[0m
[0mGET / [31m500[0m 13.975 ms - 2928[0m
[0mGET / [31m500[0m 7.152 ms - 2928[0m
[0mGET / [31m500[0m 7.309 ms - 2928[0m
[0mGET / [31m500[0m 6.716 ms - 2928[0m
[0mGET / [31m500[0m 7.163 ms - 2928[0m
[0mGET / [31m500[0m 8.219 ms - 2928[0m
[0mGET / [31m500[0m 5.954 ms - 2928[0m
[0mGET / [31m500[0m 6.521 ms - 2928[0m
[0mGET / [31m500[0m 7.165 ms - 2928[0m
[0mGET / [31m500[0m 7.526 ms - 2928[0m
[0mGET / [31m500[0m 8.754 ms - 2928[0m
[0mGET / [31m500[0m 7.803 ms - 2928[0m
[0mGET / [31m500[0m 6.375 ms - 2928[0m
[0mGET / [31m500[0m 7.408 ms - 2928[0m
[0mGET / [31m500[0m 7.460 ms - 2928[0m
[0mGET / [31m500[0m 6.194 ms - 2928[0m
[0mGET / [31m500[0m 5.263 ms - 2928[0m
[0mGET / [31m500[0m 6.432 ms - 2928[0m
[0mGET / [31m500[0m 4.888 ms - 2928[0m
[0mGET / [31m500[0m 5.857 ms - 2928[0m
[0mGET / [31m500[0m 10.688 ms - 2928[0m
[0mGET / [31m500[0m 8.571 ms - 2928[0m
[0mGET / [31m500[0m 8.315 ms - 2928[0m
[0mGET / [31m500[0m 9.259 ms - 2962[0m
[0mGET / [31m500[0m 7.921 ms - 2962[0m
[0mGET / [31m500[0m 6.216 ms - 2962[0m
[0mGET / [31m500[0m 6.844 ms - 2962[0m
[0mGET / [31m500[0m 7.416 ms - 2962[0m
[0mGET / [31m500[0m 6.747 ms - 2962[0m
[0mGET / [31m500[0m 8.063 ms - 2962[0m
[0mGET / [31m500[0m 8.450 ms - 2962[0m
[0mGET / [31m500[0m 5.961 ms - 2962[0m
[0mGET / [31m500[0m 6.979 ms - 2962[0m
[0mGET / [31m500[0m 6.479 ms - 2962[0m
[0mGET / [31m500[0m 5.908 ms - 2962[0m
[0mGET / [31m500[0m 9.379 ms - 2962[0m
[0mGET / [31m500[0m 7.023 ms - 2962[0m
[0mGET / [31m500[0m 5.833 ms - 2962[0m
[0mGET / [31m500[0m 7.049 ms - 2962[0m
[0mGET / [31m500[0m 7.397 ms - 2962[0m
[0mGET / [31m500[0m 7.228 ms - 2962[0m
[0mGET / [31m500[0m 5.699 ms - 2962[0m
[0mGET / [31m500[0m 5.472 ms - 2962[0m
[0mGET / [31m500[0m 7.084 ms - 2962[0m
[0mGET / [31m500[0m 6.764 ms - 2962[0m
[0mGET / [31m500[0m 6.266 ms - 2962[0m
[0mGET / [31m500[0m 5.802 ms - 2962[0m
[0mGET / [31m500[0m 8.535 ms - 2962[0m
[0mGET / [32m200[0m 31.426 ms - 3138[0m
[0mGET /users/sign-up [32m200[0m 9.414 ms - 2296[0m
[0mGET /users/css/layout.css [33m404[0m 8.033 ms - 159[0m
[0mGET /users/css/header.css [33m404[0m 15.759 ms - 159[0m
[0mGET /users/css/footer.css [33m404[0m 13.782 ms - 159[0m
[0mGET /users/css/layout.css [33m404[0m 3.518 ms - 159[0m
[0mGET /users/css/header.css [33m404[0m 5.548 ms - 159[0m
[0mGET /users/css/footer.css [33m404[0m 6.120 ms - 159[0m
[0mGET /users/sign-up [36m304[0m 4.465 ms - -[0m
[0mGET /users/css/layout.css [33m404[0m 5.223 ms - 159[0m
[0mGET /users/css/header.css [33m404[0m 8.786 ms - 159[0m
[0mGET /users/css/footer.css [33m404[0m 9.783 ms - 159[0m
[0mGET /users/sign-in [31m500[0m 4.628 ms - 2546[0m
[0mGET / [32m200[0m 11.106 ms - 3133[0m
[0mGET /users/sign-in [32m200[0m 6.812 ms - 2194[0m
[0mGET /users/css/layout.css [33m404[0m 7.184 ms - 159[0m
[0mGET /users/css/header.css [33m404[0m 6.534 ms - 159[0m
[0mGET /users/css/footer.css [33m404[0m 8.512 ms - 159[0m
[0mGET /users/sign-up [36m304[0m 6.402 ms - -[0m
[0mGET /users/css/layout.css [33m404[0m 3.495 ms - 159[0m
[0mGET /users/css/header.css [33m404[0m 4.941 ms - 159[0m
[0mGET /users/css/footer.css [33m404[0m 5.472 ms - 159[0m
[0mGET / [32m200[0m 10.510 ms - 3135[0m
[0mGET /'css/header.css [33m404[0m 10.226 ms - 158[0m
[0mGET / [36m304[0m 7.292 ms - -[0m
[0mGET /'css/header.css [33m404[0m 4.070 ms - 158[0m
[0mGET / [36m304[0m 7.837 ms - -[0m
[0mGET /'css/header.css [33m404[0m 5.018 ms - 158[0m
[0mGET / [36m304[0m 9.563 ms - -[0m
[0mGET /'css/header.css [33m404[0m 2.336 ms - 158[0m
[0mGET / [36m304[0m 10.362 ms - -[0m
[0mGET /'css/header.css [33m404[0m 2.410 ms - 158[0m
[0mGET /users/sign-up [32m200[0m 5.486 ms - 2298[0m
[0mGET /users/css/layout.css [33m404[0m 3.001 ms - 159[0m
[0mGET /users/'css/header.css [33m404[0m 4.069 ms - 164[0m
[0mGET /users/sign-up [32m200[0m 5.772 ms - 2299[0m
[0mGET /users/'/css/header.css [33m404[0m 3.324 ms - 165[0m
[0mGET /users/css/layout.css [33m404[0m 6.677 ms - 159[0m
[0mGET /users/sign-up [36m304[0m 5.883 ms - -[0m
[0mGET /users/css/layout.css [33m404[0m 2.605 ms - 159[0m
[0mGET /users/'/css/header.css [33m404[0m 3.275 ms - 165[0m
[0mGET / [32m200[0m 9.474 ms - 3136[0m
[0mGET /'/css/header.css [33m404[0m 5.270 ms - 159[0m
[0mGET /users/sign-in [32m200[0m 5.805 ms - 2197[0m
[0mGET /users/css/layout.css [33m404[0m 3.614 ms - 159[0m
[0mGET /users/'/css/header.css [33m404[0m 4.615 ms - 165[0m
[0mGET /users/sign-in [36m304[0m 6.004 ms - -[0m
[0mGET /users/css/layout.css [33m404[0m 5.711 ms - 159[0m
[0mGET /users/'/css/header.css [33m404[0m 5.450 ms - 165[0m
[0mGET /users/sign-in [36m304[0m 4.209 ms - -[0m
[0mGET /users/css/layout.css [33m404[0m 2.335 ms - 159[0m
[0mGET /users/'/css/header.css [33m404[0m 3.284 ms - 165[0m
[0mGET / [32m200[0m 11.670 ms - 3135[0m
[0mGET /users/sign-up [32m200[0m 5.245 ms - 2298[0m
[0mGET /users/css/layout.css [33m404[0m 2.817 ms - 159[0m
[0mGET /users/sign-up [32m200[0m 5.037 ms - 2299[0m
[0mGET /users/sign-in [32m200[0m 4.637 ms - 2197[0m
[0mGET /users/sign-up [36m304[0m 5.844 ms - -[0m
[0mGET /users/sign-up [32m200[0m 6.101 ms - 2354[0m
[0mGET /users/sign-in [36m304[0m 4.772 ms - -[0m
[0mGET /users/auth/google [36m302[0m 4.162 ms - 0[0m
[0mGET /users/auth/google [36m302[0m 3.242 ms - 0[0m
[0mGET /users/sign-in [36m304[0m 3.745 ms - -[0m
[0mGET /users/auth/google [36m302[0m 2.599 ms - 0[0m
[0mGET /users/sign-in [36m304[0m 4.836 ms - -[0m
[0mGET /users/sign-in [36m304[0m 5.293 ms - -[0m
[0mGET /users/sign-in [36m304[0m 4.612 ms - -[0m
[0mGET /users/sign-in [36m304[0m 3.427 ms - -[0m
[0mGET /users/sign-in [36m304[0m 3.611 ms - -[0m
[0mGET /users/sign-in [36m304[0m 3.753 ms - -[0m
[0mGET /users/auth/google [36m302[0m 2.266 ms - 0[0m
[0mGET / [32m200[0m 39.463 ms - 3141[0m
[0mGET /users/sign-in [36m304[0m 7.325 ms - -[0m
[0mGET /users/auth/google [36m302[0m 6.889 ms - 0[0m
[0mGET /users/auth/google/callback?code=4%2F0ARtbsJr7vL67M25shctnRUnCTISmRcWDkITnTXynvi6dfz39B1J-LlNZOIT3mZev9Sfuaw&scope=email+profile+https%3A%2F%2Fwww.googleapis.com%2Fauth%2Fuserinfo.profile+https%3A%2F%2Fwww.googleapis.com%2Fauth%2Fuserinfo.email+openid&authuser=0&prompt=consent [36m302[0m 697.259 ms - 46[0m
[0mGET / [32m200[0m 13.239 ms - 4424[0m
[0mGET / [32m200[0m 15.214 ms - 4133[0m
[0mGET /users/sign-out [36m302[0m 11.719 ms - 46[0m
[0mGET / [32m200[0m 11.084 ms - 3571[0m
[0mGET /users/sign-in [36m304[0m 7.709 ms - -[0m
[0mGET /users/auth/google [36m302[0m 6.305 ms - 0[0m
[0mGET /users/auth/google/callback?code=4%2F0ARtbsJrSjqInQCryhcU6zieOkgEKrNQ2Xw5-67pm6CXat2hlqXmxjaxtfImuO6H0pW0MXA&scope=email+profile+https%3A%2F%2Fwww.googleapis.com%2Fauth%2Fuserinfo.profile+https%3A%2F%2Fwww.googleapis.com%2Fauth%2Fuserinfo.email+openid&authuser=0&prompt=consent [36m302[0m 768.988 ms - 46[0m
[0mGET / [32m200[0m 10.891 ms - 4424[0m
[0mGET / [32m200[0m 19.126 ms - 4133[0m
[0mGET /favicon.ico [33m404[0m 7.861 ms - 150[0m
[0mGET /users/sign-out [36m302[0m 9.524 ms - 46[0m
[0mGET / [32m200[0m 8.433 ms - 3571[0m
[0mGET /users/sign-in [36m304[0m 5.096 ms - -[0m
[0mPOST /users/create-session [36m302[0m 5.892 ms - 46[0m
[0mGET / [32m200[0m 10.214 ms - 4417[0m
[0mGET / [31m500[0m 44.673 ms - 1057[0m
[0mGET / [31m500[0m 41.153 ms - 1057[0m
[0mGET / [31m500[0m 41.768 ms - 1057[0m
[0mGET / [31m500[0m 38.820 ms - 1057[0m
[0mGET / [32m200[0m 114.495 ms - 3007[0m
[0mGET /users/sign-in [36m304[0m 40.591 ms - -[0m
[0mPOST /users/create-session [36m302[0m 63.428 ms - 72[0m
[0mGET /users/sign-in [32m200[0m 195.774 ms - 2489[0m
[0mGET /users/sign-up [36m304[0m 34.935 ms - -[0m
[0mPOST /users/create [36m302[0m 113.881 ms - 72[0m
[0mGET /users/sign-in [32m200[0m 34.157 ms - 2197[0m
[0mPOST /users/create-session [36m302[0m 131.872 ms - 46[0m
[0mGET / [32m200[0m 122.731 ms - 4276[0m
[0mGET / [32m200[0m 165.561 ms - 3985[0m
[0mGET / [36m304[0m 128.485 ms - -[0m
[0mGET /users/sign-out [36m302[0m 133.669 ms - 46[0m
[0mGET / [32m200[0m 116.409 ms - 3430[0m
[0mGET / [32m200[0m 111.752 ms - 3141[0m
[0mGET / [36m304[0m 101.047 ms - -[0m
